time    	numwrites	size
0.014	1024	1000
0.020	2048	1000
0.030	4096	1000
0.050	8192	1000
0.171	16384	1000
0.293	32768	1000
0.645	65536	1000
1.237	131072	1000
2.518	262144	1000
4.967	524288	1000
10.262	1048576	1000
17.220	2097152	1000
28.283	4194304	1000
51.085	8388608	1000
95.869	16777216	1000
186.497	33554432	1000
369.015	67108864	1000
724.991	134217728	1000
1466.194	268435456	1000
1.373	700	1000
0.013	1400	1000
0.021	2800	1000
0.039	5600	1000
0.082	11200	1000
0.209	22400	1000
0.436	44800	1000
0.899	89600	1000
1.770	179200	1000
3.545	358400	1000
6.886	716800	1000
14.168	1433600	1000
20.579	2867200	1000
36.716	5734400	1000
0.362	700	1000
0.014	1400	1000
0.024	2800	1000
0.040	5600	1000
0.083	11200	1000
0.247	22400	1000
0.433	44800	1000
0.890	89600	1000
1.733	179200	1000
3.436	358400	1000
7.032	716800	1000
14.329	1433600	1000
20.824	2867200	1000
36.899	5734400	1000
0.005	700	1000
0.093	1400	1000
0.115	2800	1000
0.110	5600	1000
0.298	11200	1000
0.655	22400	1000
0.723	44800	1000
1.533	89600	1000
2.784	179200	1000
3.213	358400	1000
7.077	716800	1000
77.222	11468800	1000
15.186	1433600	1000
23.497	2867200	1000
52.936	5734400	1000
106.937	11468800	1000
207.583	22937600	1000
204.877	22937600	1000
408.221	45875200	1000
406.255	45875200	1000
846.447	91750400	1000
813.103	91750400	1000
1508.186	183500800	1000
1456.105	183500800	1000
2354.378	367001600	1000
2303.015	367001600	1000
0.014	1024	1000
0.020	2048	1000
0.030	4096	1000
0.050	8192	1000
0.171	16384	1000
0.293	32768	1000
0.645	65536	1000
1.237	131072	1000
2.518	262144	1000
4.967	524288	1000
10.262	1048576	1000
17.220	2097152	1000
28.283	4194304	1000
51.085	8388608	1000
95.869	16777216	1000
186.497	33554432	1000
369.015	67108864	1000
724.991	134217728	1000
1466.194	268435456	1000
real	time    	numwrites	size
real	0m0.014s	1024	1000
real	0m0.020s	2048	1000
real	0m0.030s	4096	1000
real	0m0.050s	8192	1000
real	0m0.171s	16384	1000
real	0m0.293s	32768	1000
real	0m0.645s	65536	1000
real	0m1.237s	131072	1000
real	0m2.518s	262144	1000
real	0m4.967s	524288	1000
real	0m10.262s	1048576	1000
real	0m17.220s	2097152	1000
real	0m28.283s	4194304	1000
real	0m51.085s	8388608	1000
real	1m35.869s	16777216	1000
real	3m6.497s	33554432	1000
real	6m9.015s	67108864	1000
real	12m4.991s	134217728	1000
real	24m26.194s	268435456	1000
real	0m1.373s	700	1000
real	0m0.013s	1400	1000
real	0m0.021s	2800	1000
real	0m0.039s	5600	1000
real	0m0.082s	11200	1000
real	0m0.209s	22400	1000
real	0m0.436s	44800	1000
real	0m0.899s	89600	1000
real	0m1.770s	179200	1000
real	0m3.545s	358400	1000
real	0m6.886s	716800	1000
real	0m14.168s	1433600	1000
real	0m20.579s	2867200	1000
real	0m36.716s	5734400	1000
real	0m0.362s	700	1000
real	0m0.014s	1400	1000
real	0m0.024s	2800	1000
real	0m0.040s	5600	1000
real	0m0.083s	11200	1000
real	0m0.247s	22400	1000
real	0m0.433s	44800	1000
real	0m0.890s	89600	1000
real	0m1.733s	179200	1000
real	0m3.436s	358400	1000
real	0m7.032s	716800	1000
real	0m14.329s	1433600	1000
real	0m20.824s	2867200	1000
real	0m36.899s	5734400	1000
real	0m0.005s	700	1000
real	0m0.093s	1400	1000
real	0m0.115s	2800	1000
real	0m0.110s	5600	1000
real	0m0.298s	11200	1000
real	0m0.655s	22400	1000
real	0m0.723s	44800	1000
real	0m1.533s	89600	1000
real	0m2.784s	179200	1000
real	0m3.213s	358400	1000
real	0m7.077s	716800	1000
real	1m17.222s	11468800	1000
real	0m15.186s	1433600	1000
real	0m23.497s	2867200	1000
real	0m52.936s	5734400	1000
real	1m46.937s	11468800	1000
real	3m27.583s	22937600	1000
real	3m24.877s	22937600	1000
real	6m48.221s	45875200	1000
real	6m46.255s	45875200	1000
real	14m6.447s	91750400	1000
real	13m33.103s	91750400	1000
real	25m8.186s	183500800	1000
real	24m46.105s	183500800	1000
real	39m14.378s	367001600	1000
real	38m23.015s	367001600	1000
real	time    	numwrites	size
real	0m0.014s	1024	1000
real	0m0.020s	2048	1000
real	0m0.030s	4096	1000
real	0m0.050s	8192	1000
real	0m0.171s	16384	1000
real	0m0.293s	32768	1000
real	0m0.645s	65536	1000
real	0m1.237s	131072	1000
real	0m2.518s	262144	1000
real	0m4.967s	524288	1000
real	0m10.262s	1048576	1000
real	0m17.220s	2097152	1000
real	0m28.283s	4194304	1000
real	0m51.085s	8388608	1000
real	1m35.869s	16777216	1000
real	3m6.497s	33554432	1000
real	6m9.015s	67108864	1000
real	12m4.991s	134217728	1000
real	24m26.194s	268435456	1000
