real	0m10.368s	1000000	1000	500
real	0m10.661s	1000000	1000	1000
real	0m10.165s	1000000	1000	2000
real	0m7.412s	1000000	1000	4000
real	0m9.553s	1000000	1000	8000
real	0m9.910s	1000000	1000	16000
real	0m9.768s	1000000	1000	32000
real	0m9.730s	1000000	1000	64000
real	0m9.790s	1000000	1000	128000
real	time    	numwrites	writesize	bufsize
real	0m10.339s	1000000	1000	500
real	0m10.652s	1000000	1000	1000
real	0m10.167s	1000000	1000	2000
real	0m8.689s	1000000	1000	4000
real	0m10.307s	1000000	1000	8000
real	0m9.494s	1000000	1000	16000
real	0m8.640s	1000000	1000	32000
real	0m9.589s	1000000	1000	64000
real	0m9.613s	1000000	1000	128000
real	0m9.422s	1000000	1000	256000
real	0m6.069s	1000000	1000	512000
real	0m9.646s	1000000	1000	1024000
real	0m9.607s	1000000	1000	2048000
real	0m9.969s	1000000	1000	4096000
real	0m6.165s	1000000	1000	8192000
real	0m9.725s	1000000	1000	16384000
real	0m9.658s	1000000	1000	32768000
real	0m10.130s	1000000	1000	65536000
real	0m9.634s	1000000	1000	131072000
real	0m9.607s	1000000	1000	262144000
real	0m9.670s	1000000	1000	524288000
real	0m9.649s	1000000	1000	1048576000
real	0m9.601s	1000000	1000	2097152000
real	0m0.087s	1000000	1000	4194304000
real	0m0.001s	1000000	1000	8388608000
real	0m0.002s	1000000	1000	16777216000
real	0m0.002s	1000000	1000	33554432000
real	0m0.002s	1000000	1000	67108864000
real	0m9.585s	1000000	1000	134217728000
real	0m0.103s	1000000	1000	268435456000
real	time    	numwrites	writesize	bufsize
real	0m5.988s	1000000	1000	500
real	0m10.678s	1000000	1000	1000
real	0m10.114s	1000000	1000	2000
real	0m9.792s	1000000	1000	4000
real	0m9.780s	1000000	1000	8000
real	0m9.511s	1000000	1000	16000
real	0m9.641s	1000000	1000	32000
real	0m6.162s	1000000	1000	64000
real	0m9.598s	1000000	1000	128000
real	0m9.538s	1000000	1000	256000
real	0m9.506s	1000000	1000	512000
real	0m6.366s	1000000	1000	1024000
real	0m9.587s	1000000	1000	2048000
real	0m9.619s	1000000	1000	4096000
real	0m9.563s	1000000	1000	8192000
real	0m6.276s	1000000	1000	16384000
real	0m9.595s	1000000	1000	32768000
real	0m9.674s	1000000	1000	65536000
real	0m9.643s	1000000	1000	131072000
real	0m9.706s	1000000	1000	262144000
real	0m9.744s	1000000	1000	524288000
real	0m9.779s	1000000	1000	1048576000
real	0m9.728s	1000000	1000	2097152000
real	0m0.052s	1000000	1000	4194304000
